<?xml version="1.0" encoding="UTF-8"?>
<!-- Generated by org.testng.reporters.JUnitReportReporter -->
<testsuite skipped="0" hostname="LP-5CG5503JXB" name="com.mercury.Mercury_Depart" tests="1" failures="0" timestamp="24 Dec 2019 09:04:27 GMT" time="82.367" errors="0">
  <testcase name="Sign_On_Success" time="82.367" classname="com.mercury.Mercury_Depart"/>
</testsuite> <!-- com.mercury.Mercury_Depart -->
