<?xml version="1.0" encoding="UTF-8"?>
<!-- Generated by org.testng.reporters.JUnitReportReporter -->
<testsuite skipped="0" hostname="LP-5CG5503JXB" name="com.mercury.Mercury_Following_Sibling_Xpah_Example" tests="1" failures="0" timestamp="24 Dec 2019 09:29:40 GMT" time="9.319" errors="0">
  <testcase name="Sign_On_Success" time="9.319" classname="com.mercury.Mercury_Following_Sibling_Xpah_Example"/>
</testsuite> <!-- com.mercury.Mercury_Following_Sibling_Xpah_Example -->
