<?xml version="1.0" encoding="UTF-8"?>
<!-- Generated by org.testng.reporters.JUnitReportReporter -->
<testsuite skipped="0" hostname="LP-5CG5503JXB" name="com.mercury.Batch_Somke" tests="1" failures="0" timestamp="25 Dec 2019 10:55:21 GMT" time="0.006" errors="0">
  <testcase name="testsuite" time="0.006" classname="com.mercury.Batch_Somke"/>
</testsuite> <!-- com.mercury.Batch_Somke -->
