<?xml version="1.0" encoding="UTF-8"?>
<!-- Generated by org.testng.reporters.JUnitReportReporter -->
<testsuite skipped="0" hostname="LP-5CG5503JXB" name="com.mercury.hdfc" tests="1" failures="0" timestamp="24 Dec 2019 07:41:30 GMT" time="0.386" errors="0">
  <testcase name="Sign_On_Success" time="0.386" classname="com.mercury.hdfc"/>
</testsuite> <!-- com.mercury.hdfc -->
