<?xml version="1.0" encoding="UTF-8"?>
<!-- Generated by org.testng.reporters.JUnitReportReporter -->
<testsuite skipped="0" hostname="LP-5CG5503JXB" name="com.mercury.Mercury_SignOn_GetText" tests="1" failures="0" timestamp="24 Dec 2019 06:20:16 GMT" time="24.718" errors="0">
  <testcase name="Sign_On_Success" time="24.718" classname="com.mercury.Mercury_SignOn_GetText"/>
</testsuite> <!-- com.mercury.Mercury_SignOn_GetText -->
