<?xml version="1.0" encoding="UTF-8"?>
<!-- Generated by org.testng.reporters.JUnitReportReporter -->
<testsuite skipped="0" hostname="LP-5CG5503JXB" name="com.mercury.Actions_Example" tests="1" failures="0" timestamp="24 Dec 2019 10:36:20 GMT" time="3.228" errors="0">
  <testcase name="Sign_On_Success" time="3.228" classname="com.mercury.Actions_Example"/>
</testsuite> <!-- com.mercury.Actions_Example -->
