<?xml version="1.0" encoding="UTF-8"?>
<!-- Generated by org.testng.reporters.JUnitReportReporter -->
<testsuite skipped="0" hostname="LP-5CG5503JXB" name="com.mercury.Drag_Drop_Example" tests="1" failures="0" timestamp="25 Dec 2019 10:59:55 GMT" time="5.321" errors="0">
  <testcase name="Sign_On_Success" time="5.321" classname="com.mercury.Drag_Drop_Example"/>
</testsuite> <!-- com.mercury.Drag_Drop_Example -->
