<?xml version="1.0" encoding="UTF-8"?>
<!-- Generated by org.testng.reporters.JUnitReportReporter -->
<testsuite skipped="0" hostname="LP-5CG5503JXB" name="com.mercury.Mercury_Dropdown" tests="1" failures="0" timestamp="24 Dec 2019 08:48:38 GMT" time="14.847" errors="0">
  <testcase name="Sign_On_Success" time="14.847" classname="com.mercury.Mercury_Dropdown"/>
</testsuite> <!-- com.mercury.Mercury_Dropdown -->
