<?xml version="1.0" encoding="UTF-8"?>
<!-- Generated by org.testng.reporters.JUnitReportReporter -->
<testsuite skipped="0" hostname="LP-5CG5503JXB" name="com.mercury.Headless_Browser" tests="1" failures="0" timestamp="24 Dec 2019 04:20:21 GMT" time="8.084" errors="0">
  <testcase name="Sign_On_Success" time="8.084" classname="com.mercury.Headless_Browser"/>
</testsuite> <!-- com.mercury.Headless_Browser -->
