<?xml version="1.0" encoding="UTF-8"?>
<!-- Generated by org.testng.reporters.JUnitReportReporter -->
<testsuite skipped="0" hostname="LP-5CG5503JXB" name="com.mercury.Hdfc_WindowAlert" tests="1" failures="0" timestamp="24 Dec 2019 12:13:18 GMT" time="0.364" errors="0">
  <testcase name="Sign_On_Success" time="0.364" classname="com.mercury.Hdfc_WindowAlert"/>
</testsuite> <!-- com.mercury.Hdfc_WindowAlert -->
